[debug] [2023-12-19T09:24:43.834Z] ----------------------------------------------------------------------
[debug] [2023-12-19T09:24:43.836Z] Command:       C:\Users\member83\AppData\Local\Volta\tools\image\node\20.10.0\node.exe C:\Users\member83\AppData\Local\Volta\tools\image\packages\firebase-tools\node_modules\firebase-tools\lib\bin\firebase.js init
[debug] [2023-12-19T09:24:43.836Z] CLI Version:   13.0.2
[debug] [2023-12-19T09:24:43.837Z] Platform:      win32
[debug] [2023-12-19T09:24:43.837Z] Node Version:  v20.10.0
[debug] [2023-12-19T09:24:43.837Z] Time:          Tue Dec 19 2023 18:24:43 GMT+0900 (日本標準時)
[debug] [2023-12-19T09:24:43.837Z] ----------------------------------------------------------------------
[debug] 
[debug] [2023-12-19T09:24:43.850Z] > command requires scopes: ["email","openid","https://www.googleapis.com/auth/cloudplatformprojects.readonly","https://www.googleapis.com/auth/firebase","https://www.googleapis.com/auth/cloud-platform"]
[debug] [2023-12-19T09:24:43.850Z] > authorizing via signed-in user (hisamatsu@83design.jp)
[info] 
     ######## #### ########  ######## ########     ###     ######  ########
     ##        ##  ##     ## ##       ##     ##  ##   ##  ##       ##
     ######    ##  ########  ######   ########  #########  ######  ######
     ##        ##  ##    ##  ##       ##     ## ##     ##       ## ##
     ##       #### ##     ## ######## ########  ##     ##  ######  ########

You're about to initialize a Firebase project in this directory:

  C:\TEST

Before we get started, keep in mind:

  * You are currently outside your home directory

[info] 
=== Project Setup
[info] 
[info] First, let's associate this project directory with a Firebase project.
[info] You can create multiple project aliases by running firebase use --add, 
[info] but for now we'll just set up a default project.
[info] 
[info] i  If you want to create a project in a Google Cloud organization or folder, please use "firebase projects:create" instead, and return to this command when you've created the project. 
[debug] [2023-12-19T09:25:48.458Z] > refreshing access token with scopes: []
[debug] [2023-12-19T09:25:48.461Z] >>> [apiv2][query] POST https://www.googleapis.com/oauth2/v3/token [none]
[debug] [2023-12-19T09:25:48.461Z] >>> [apiv2][body] POST https://www.googleapis.com/oauth2/v3/token [omitted]
[debug] [2023-12-19T09:25:48.745Z] <<< [apiv2][status] POST https://www.googleapis.com/oauth2/v3/token 200
[debug] [2023-12-19T09:25:48.745Z] <<< [apiv2][body] POST https://www.googleapis.com/oauth2/v3/token [omitted]
[debug] [2023-12-19T09:25:48.768Z] >>> [apiv2][query] POST https://cloudresourcemanager.googleapis.com/v1/projects [none]
[debug] [2023-12-19T09:25:48.768Z] >>> [apiv2][body] POST https://cloudresourcemanager.googleapis.com/v1/projects {"projectId":"tsPlayground","name":"tsPlayground"}
[debug] [2023-12-19T09:25:49.502Z] <<< [apiv2][status] POST https://cloudresourcemanager.googleapis.com/v1/projects 400
[debug] [2023-12-19T09:25:49.502Z] <<< [apiv2][body] POST https://cloudresourcemanager.googleapis.com/v1/projects {"error":{"code":400,"message":"field [project_id] has issue [project_id contains invalid characters]","status":"INVALID_ARGUMENT","details":[{"@type":"type.googleapis.com/google.rpc.BadRequest","fieldViolations":[{"field":"project_id","description":"project_id contains invalid characters"}]},{"@type":"type.googleapis.com/google.rpc.Help","links":[{"url":"https://cloud.google.com/resource-manager/reference/rest/v1/projects"}]}]}}
[debug] [2023-12-19T09:25:49.718Z] FirebaseError: HTTP Error: 400, field [project_id] has issue [project_id contains invalid characters]
    at responseToError (C:\Users\member83\AppData\Local\Volta\tools\image\packages\firebase-tools\node_modules\firebase-tools\lib\responseToError.js:49:12)
    at RetryOperation._fn (C:\Users\member83\AppData\Local\Volta\tools\image\packages\firebase-tools\node_modules\firebase-tools\lib\apiv2.js:292:77)
    at process.processTicksAndRejections (node:internal/process/task_queues:95:5)
[error] 
[error] Error: Failed to create project. See firebase-debug.log for more info.
